<?xml version="1.0" encoding="UTF-8"?>
<!-- Generated by org.testng.reporters.JUnitReportReporter -->
<testsuite hostname="PREMSAKA" failures="0" tests="1" name="webservice.JsonToJavaArray" time="2.669" errors="0" timestamp="2023-08-09T23:17:57 IST" skipped="0">
  <testcase classname="webservice.JsonToJavaArray" name="validateJsonArray" time="2.669"/>
</testsuite> <!-- webservice.JsonToJavaArray -->
