<?xml version="1.0" encoding="UTF-8"?>
<!-- Generated by org.testng.reporters.JUnitReportReporter -->
<testsuite hostname="PREMSAKA" failures="0" tests="1" name="testngTestcases.Test001" time="0.010" errors="0" timestamp="2023-08-02T09:20:59 IST" skipped="0">
  <testcase classname="testngTestcases.Test001" name="reverseString" time="0.010"/>
</testsuite> <!-- testngTestcases.Test001 -->
