<?xml version="1.0" encoding="UTF-8"?>
<!-- Generated by org.testng.reporters.JUnitReportReporter -->
<testsuite hostname="PREMSAKA" failures="0" tests="1" name="testngTestcases.Test001LoginPage" time="2467.914" errors="0" timestamp="2023-08-12T00:23:59 IST" skipped="0">
  <testcase classname="testngTestcases.Test001LoginPage" name="loginPage" time="2467.914"/>
</testsuite> <!-- testngTestcases.Test001LoginPage -->
